2023-03-04T20:07:34.990Z POST /api/user/verify_email 400 9.605 ms
2023-03-04T20:07:47.671Z GET /api/user/allusers 304 8.692 ms
2023-03-04T22:44:33.832Z GET /api/user/allusers 304 13.346 ms
2023-03-04T22:44:41.064Z GET /api/user/allusers 304 3.612 ms
2023-03-09T12:03:41.392Z GET /api-docs 301 2.105 ms
2023-03-09T12:03:41.401Z GET /api-docs/ 200 4.247 ms
2023-03-09T12:03:41.448Z GET /api-docs/swagger-ui.css 200 2.859 ms
2023-03-09T12:03:41.461Z GET /api-docs/swagger-ui-init.js 200 0.307 ms
2023-03-09T12:03:41.467Z GET /api-docs/swagger-ui-standalone-preset.js 200 2.590 ms
2023-03-09T12:03:41.471Z GET /api-docs/swagger-ui-bundle.js 200 2.894 ms
2023-03-09T12:03:41.882Z GET /api-docs/favicon-32x32.png 200 1.150 ms
2023-03-09T12:18:50.302Z GET /api-docs/ 304 6.185 ms
2023-03-09T12:18:50.362Z GET /api-docs/swagger-ui.css 304 1.550 ms
2023-03-09T12:18:50.374Z GET /api-docs/swagger-ui-bundle.js 304 0.974 ms
2023-03-09T12:18:50.377Z GET /api-docs/swagger-ui-standalone-preset.js 304 0.677 ms
2023-03-09T12:18:50.382Z GET /api-docs/swagger-ui-init.js 304 1.083 ms
2023-03-09T12:18:50.689Z GET /api-docs/favicon-32x32.png 304 0.520 ms
2023-03-09T18:52:16.036Z GET /api-docs/ 304 4.343 ms
2023-03-09T18:52:16.063Z GET /api-docs/swagger-ui.css 304 1.789 ms
2023-03-09T18:52:16.081Z GET /api-docs/swagger-ui-init.js 304 0.228 ms
2023-03-09T18:52:16.088Z GET /api-docs/swagger-ui-standalone-preset.js 200 6.202 ms
2023-03-09T18:52:16.094Z GET /api-docs/swagger-ui-bundle.js 200 6.890 ms
2023-03-09T18:52:16.370Z GET /api-docs/favicon-32x32.png 304 0.541 ms
2023-03-09T18:52:18.032Z GET /api-docs/ 304 0.698 ms
2023-03-09T18:52:18.057Z GET /api-docs/swagger-ui.css 304 0.839 ms
2023-03-09T18:52:18.078Z GET /api-docs/swagger-ui-init.js 304 0.522 ms
2023-03-09T18:52:18.079Z GET /api-docs/swagger-ui-bundle.js 304 4.950 ms
2023-03-09T18:52:18.080Z GET /api-docs/swagger-ui-standalone-preset.js 304 4.714 ms
2023-03-09T18:52:18.235Z GET /api-docs/favicon-32x32.png 304 0.477 ms
2023-03-09T18:52:18.310Z GET /api-docs/ 304 0.661 ms
2023-03-09T18:52:18.339Z GET /api-docs/swagger-ui.css 304 0.707 ms
2023-03-09T18:52:18.350Z GET /api-docs/swagger-ui-init.js 304 0.301 ms
2023-03-09T18:52:18.351Z GET /api-docs/swagger-ui-bundle.js 304 3.244 ms
2023-03-09T18:52:18.352Z GET /api-docs/swagger-ui-standalone-preset.js 304 3.069 ms
2023-03-09T18:52:18.466Z GET /api-docs/favicon-32x32.png 304 0.487 ms
2023-03-09T18:52:18.509Z GET /api-docs/ 304 1.517 ms
2023-03-09T18:52:18.537Z GET /api-docs/swagger-ui.css 304 0.544 ms
2023-03-09T18:52:18.553Z GET /api-docs/swagger-ui-init.js 304 0.265 ms
2023-03-09T18:52:18.554Z GET /api-docs/swagger-ui-bundle.js 304 2.485 ms
2023-03-09T18:52:18.555Z GET /api-docs/swagger-ui-standalone-preset.js 304 2.655 ms
2023-03-09T18:52:18.652Z GET /api-docs/favicon-32x32.png 304 0.495 ms
2023-03-09T18:52:18.685Z GET /api-docs/ 304 0.671 ms
2023-03-09T18:52:18.720Z GET /api-docs/swagger-ui.css 304 0.804 ms
2023-03-09T18:52:18.732Z GET /api-docs/swagger-ui-bundle.js 304 0.434 ms
2023-03-09T18:52:18.734Z GET /api-docs/swagger-ui-init.js 304 0.220 ms
2023-03-09T18:52:18.735Z GET /api-docs/swagger-ui-standalone-preset.js 304 1.184 ms
2023-03-09T18:52:18.842Z GET /api-docs/favicon-32x32.png 304 0.366 ms
